d:\vsprojects\patterns\patterns\x64\debug\vc143.pdb
d:\vsprojects\patterns\patterns\x64\debug\vc143.idb
d:\vsprojects\patterns\patterns\x64\debug\main.obj
d:\vsprojects\patterns\patterns\x64\debug\factorymethod.obj
d:\vsprojects\patterns\x64\debug\patterns.pdb
d:\vsprojects\patterns\patterns\x64\debug\patterns.tlog\cl.command.1.tlog
d:\vsprojects\patterns\patterns\x64\debug\patterns.tlog\cl.read.1.tlog
d:\vsprojects\patterns\patterns\x64\debug\patterns.tlog\cl.write.1.tlog
d:\vsprojects\patterns\patterns\x64\debug\patterns.tlog\link-cvtres.read.1.tlog
d:\vsprojects\patterns\patterns\x64\debug\patterns.tlog\link-cvtres.write.1.tlog
d:\vsprojects\patterns\patterns\x64\debug\patterns.tlog\link-rc.read.1.tlog
d:\vsprojects\patterns\patterns\x64\debug\patterns.tlog\link-rc.write.1.tlog
d:\vsprojects\patterns\patterns\x64\debug\patterns.tlog\link.10048-cvtres.read.1.tlog
d:\vsprojects\patterns\patterns\x64\debug\patterns.tlog\link.10048-cvtres.write.1.tlog
d:\vsprojects\patterns\patterns\x64\debug\patterns.tlog\link.10048-rc.read.1.tlog
d:\vsprojects\patterns\patterns\x64\debug\patterns.tlog\link.10048-rc.write.1.tlog
d:\vsprojects\patterns\patterns\x64\debug\patterns.tlog\link.10048.read.1.tlog
d:\vsprojects\patterns\patterns\x64\debug\patterns.tlog\link.10048.read.2.tlog
d:\vsprojects\patterns\patterns\x64\debug\patterns.tlog\link.10048.write.1.tlog
d:\vsprojects\patterns\patterns\x64\debug\patterns.tlog\link.command.1.tlog
d:\vsprojects\patterns\patterns\x64\debug\patterns.tlog\link.read.1.tlog
d:\vsprojects\patterns\patterns\x64\debug\patterns.tlog\link.read.2.tlog
d:\vsprojects\patterns\patterns\x64\debug\patterns.tlog\link.write.1.tlog
